d:\code\crp\mfctoolkit\mfctoolkit\debug\mfctoolkit.pch
d:\code\crp\mfctoolkit\mfctoolkit\debug\vc142.pdb
d:\code\crp\mfctoolkit\mfctoolkit\debug\vc142.idb
d:\code\crp\mfctoolkit\mfctoolkit\debug\stdafx.obj
d:\code\crp\mfctoolkit\mfctoolkit\debug\dllmain.obj
d:\code\crp\mfctoolkit\mfctoolkit\debug\mtimagebutton.obj
d:\code\crp\mfctoolkit\mfctoolkit\debug\mtcurvechart.obj
d:\code\crp\mfctoolkit\mfctoolkit\debug\mtcomplexlistctrl.obj
d:\code\crp\mfctoolkit\mfctoolkit\debug\mtchart.obj
d:\code\crp\mfctoolkit\mfctoolkit\debug\listitemcomment.obj
d:\code\crp\mfctoolkit\mfctoolkit\debug\mtsocketfinder.obj
d:\code\crp\mfctoolkit\mfctoolkit\debug\mtsocket.obj
d:\code\crp\mfctoolkit\mfctoolkit\debug\mtserialportparameter.obj
d:\code\crp\mfctoolkit\mfctoolkit\debug\mtserialport.obj
d:\code\crp\mfctoolkit\mfctoolkit\debug\mtnetport.obj
d:\code\crp\mfctoolkit\mfctoolkit\debug\mtsolvingpolynomial.obj
d:\code\crp\mfctoolkit\mfctoolkit\debug\mtsolvingequations.obj
d:\code\crp\mfctoolkit\mfctoolkit\debug\mtsimplelinearformula.obj
d:\code\crp\mfctoolkit\mfctoolkit\debug\mtsimplelinearfitting.obj
d:\code\crp\mfctoolkit\mfctoolkit\debug\mtpolynomialformula.obj
d:\code\crp\mfctoolkit\mfctoolkit\debug\mtpolynomialfitting.obj
d:\code\crp\mfctoolkit\mfctoolkit\debug\mtlmformula.obj
d:\code\crp\mfctoolkit\mfctoolkit\debug\mtlmfitting.obj
d:\code\crp\mfctoolkit\mfctoolkit\debug\mtformula.obj
d:\code\crp\mfctoolkit\mfctoolkit\debug\mfctoolkit.obj
d:\code\crp\mfctoolkit\mfctoolkit\debug\mthorizonlayout.obj
d:\code\crp\mfctoolkit\mfctoolkit\debug\mtgraph.obj
d:\code\crp\mfctoolkit\mfctoolkit\debug\mtregiondivision.obj
d:\code\crp\mfctoolkit\mfctoolkit\debug\mtpointsgraph.obj
d:\code\crp\mfctoolkit\mfctoolkit\debug\mtimage.obj
d:\code\crp\mfctoolkit\mfctoolkit\debug\mtcurvegraph.obj
d:\code\crp\mfctoolkit\mfctoolkit\debug\mtbitmap.obj
d:\code\crp\mfctoolkit\mfctoolkit\debug\mtcoordinateaxisgraph.obj
d:\code\crp\mfctoolkit\mfctoolkit\debug\mtgdiplus.obj
d:\code\crp\mfctoolkit\mfctoolkit\debug\mtadorecordset.obj
d:\code\crp\mfctoolkit\mfctoolkit\debug\mtadoparameters.obj
d:\code\crp\mfctoolkit\mfctoolkit\debug\mtadodataconverter.obj
d:\code\crp\mfctoolkit\mfctoolkit\debug\mtadoconnection.obj
d:\code\crp\mfctoolkit\mfctoolkit\debug\mtadocommand.obj
d:\code\crp\mfctoolkit\mfctoolkit\debug\mtstrictedit.obj
d:\code\crp\mfctoolkit\mfctoolkit\debug\mtimagestatic.obj
d:\code\crp\mfctoolkit\mfctoolkit\debug\mtimagelistctrl.obj
d:\code\crp\mfctoolkit\mfctoolkit\debug\mtimageheaderctrl.obj
d:\code\crp\mfctoolkit\mfctoolkit\debug\mtimageedit.obj
d:\code\crp\mfctoolkit\mfctoolkit\debug\mtimagecombobox.obj
d:\code\crp\mfctoolkit\mfctoolkit\debug\mtlog.obj
d:\code\crp\mfctoolkit\mfctoolkit\debug\mtlock.obj
d:\code\crp\mfctoolkit\mfctoolkit\debug\mtini.obj
d:\code\crp\mfctoolkit\mfctoolkit\debug\mtcharacterset.obj
d:\code\crp\mfctoolkit\mfctoolkit\debug\mtprintingview.obj
d:\code\crp\mfctoolkit\mfctoolkit\debug\mtprintingframe.obj
d:\code\crp\mfctoolkit\mfctoolkit\debug\mtverticallayout.obj
d:\code\crp\mfctoolkit\mfctoolkit\debug\mtlayoutwindowitem.obj
d:\code\crp\mfctoolkit\mfctoolkit\debug\mtlayoutstretchitem.obj
d:\code\crp\mfctoolkit\mfctoolkit\debug\mtlayoutspacingitem.obj
d:\code\crp\mfctoolkit\mfctoolkit\debug\mtlayoutlayoutitem.obj
d:\code\crp\mfctoolkit\mfctoolkit\debug\mtlayoutitem.obj
d:\code\crp\mfctoolkit\mfctoolkit\debug\mtlayoutfixedwindowitem.obj
d:\code\crp\mfctoolkit\mfctoolkit\debug\mtlayoutfixedlayoutitem.obj
d:\code\crp\mfctoolkit\mfctoolkit\debug\mtlayout.obj
d:\code\crp\mfctoolkit\mfctoolkit\debug\mfctoolkit.ilk
d:\code\crp\mfctoolkit\debug\mfctoolkit.dll
d:\code\crp\mfctoolkit\debug\mfctoolkit.pdb
d:\code\crp\mfctoolkit\debug\mfctoolkit.lib
d:\code\crp\mfctoolkit\debug\mfctoolkit.exp
d:\code\crp\mfctoolkit\mfctoolkit\debug\mfctoolkit.res
d:\code\crp\mfctoolkit\mfctoolkit\debug\msado15.tli
d:\code\crp\mfctoolkit\mfctoolkit\debug\msado15.tlh
d:\code\crp\mfctoolkit\mfctoolkit\debug\..\debug\mfctoolkit.ilk
d:\code\crp\mfctoolkit\mfctoolkit\debug\mfctoolkit.tlog\cl.command.1.tlog
d:\code\crp\mfctoolkit\mfctoolkit\debug\mfctoolkit.tlog\cl.read.1.tlog
d:\code\crp\mfctoolkit\mfctoolkit\debug\mfctoolkit.tlog\cl.write.1.tlog
d:\code\crp\mfctoolkit\mfctoolkit\debug\mfctoolkit.tlog\link.command.1.tlog
d:\code\crp\mfctoolkit\mfctoolkit\debug\mfctoolkit.tlog\link.read.1.tlog
d:\code\crp\mfctoolkit\mfctoolkit\debug\mfctoolkit.tlog\link.write.1.tlog
d:\code\crp\mfctoolkit\mfctoolkit\debug\mfctoolkit.tlog\mfctoolkit.write.1u.tlog
d:\code\crp\mfctoolkit\mfctoolkit\debug\mfctoolkit.tlog\rc.command.1.tlog
d:\code\crp\mfctoolkit\mfctoolkit\debug\mfctoolkit.tlog\rc.read.1.tlog
d:\code\crp\mfctoolkit\mfctoolkit\debug\mfctoolkit.tlog\rc.write.1.tlog
