d:\code\crp\algorithm\algorithm\debug\algorithm.pch
d:\code\crp\algorithm\algorithm\debug\vc142.pdb
d:\code\crp\algorithm\algorithm\debug\vc142.idb
d:\code\crp\algorithm\algorithm\debug\stdafx.obj
d:\code\crp\algorithm\algorithm\debug\calibrationfactory.obj
d:\code\crp\algorithm\algorithm\debug\mtsolvingpolynomial.obj
d:\code\crp\algorithm\algorithm\debug\mtsolvingequations.obj
d:\code\crp\algorithm\algorithm\debug\mtsimplelinearformula.obj
d:\code\crp\algorithm\algorithm\debug\mtsimplelinearfitting.obj
d:\code\crp\algorithm\algorithm\debug\mtpolynomialformula.obj
d:\code\crp\algorithm\algorithm\debug\mtpolynomialfitting.obj
d:\code\crp\algorithm\algorithm\debug\mtlmformula.obj
d:\code\crp\algorithm\algorithm\debug\mtlmfitting.obj
d:\code\crp\algorithm\algorithm\debug\mtformula.obj
d:\code\crp\algorithm\algorithm\debug\appmain.obj
d:\code\crp\algorithm\algorithm\debug\logitlog5p.obj
d:\code\crp\algorithm\algorithm\debug\logitlog4p.obj
d:\code\crp\algorithm\algorithm\debug\algorithm.res
d:\code\crp\algorithm\algorithm\debug\algorithm.tlog\cl.command.1.tlog
d:\code\crp\algorithm\algorithm\debug\algorithm.tlog\cl.read.1.tlog
d:\code\crp\algorithm\algorithm\debug\algorithm.tlog\cl.write.1.tlog
d:\code\crp\algorithm\algorithm\debug\algorithm.tlog\link-cvtres.read.1.tlog
d:\code\crp\algorithm\algorithm\debug\algorithm.tlog\link-cvtres.write.1.tlog
d:\code\crp\algorithm\algorithm\debug\algorithm.tlog\link-mt.read.1.tlog
d:\code\crp\algorithm\algorithm\debug\algorithm.tlog\link-mt.write.1.tlog
d:\code\crp\algorithm\algorithm\debug\algorithm.tlog\link-rc.read.1.tlog
d:\code\crp\algorithm\algorithm\debug\algorithm.tlog\link-rc.write.1.tlog
d:\code\crp\algorithm\algorithm\debug\algorithm.tlog\link.command.1.tlog
d:\code\crp\algorithm\algorithm\debug\algorithm.tlog\link.read.1.tlog
d:\code\crp\algorithm\algorithm\debug\algorithm.tlog\link.write.1.tlog
d:\code\crp\algorithm\algorithm\debug\algorithm.tlog\rc.command.1.tlog
d:\code\crp\algorithm\algorithm\debug\algorithm.tlog\rc.read.1.tlog
d:\code\crp\algorithm\algorithm\debug\algorithm.tlog\rc.write.1.tlog
